[20-Oct-2025 16:20:09 UTC] PHP Warning:  require(D:\Cake Website\wp-content\themes\chloe_pallete\typerocket/vendor/autoload.php): failed to open stream: No such file or directory in D:\Cake Website\wp-content\themes\chloe_pallete\typerocket\init.php on line 26
[20-Oct-2025 16:20:09 UTC] PHP Fatal error:  require(): Failed opening required 'D:\Cake Website\wp-content\themes\chloe_pallete\typerocket/vendor/autoload.php' (include_path='.;C:\php\pear') in D:\Cake Website\wp-content\themes\chloe_pallete\typerocket\init.php on line 26
[20-Oct-2025 16:20:09 UTC] PHP Warning:  require(D:\Cake Website\wp-content\themes\chloe_pallete\typerocket/vendor/autoload.php): failed to open stream: No such file or directory in D:\Cake Website\wp-content\themes\chloe_pallete\typerocket\init.php on line 26
[20-Oct-2025 16:20:09 UTC] PHP Fatal error:  require(): Failed opening required 'D:\Cake Website\wp-content\themes\chloe_pallete\typerocket/vendor/autoload.php' (include_path='.;C:\php\pear') in D:\Cake Website\wp-content\themes\chloe_pallete\typerocket\init.php on line 26
[20-Oct-2025 16:34:06 UTC] PHP Notice:  Trying to access array offset on value of type bool in D:\Cake Website\wp-content\themes\chloe_pallete\partials\section-banner.php on line 6
[20-Oct-2025 16:34:07 UTC] PHP Notice:  Trying to access array offset on value of type bool in D:\Cake Website\wp-content\themes\chloe_pallete\partials\section-banner.php on line 6
[20-Oct-2025 16:34:10 UTC] PHP Notice:  Trying to access array offset on value of type bool in D:\Cake Website\wp-content\themes\chloe_pallete\partials\section-banner.php on line 6
[20-Oct-2025 16:37:14 UTC] PHP Notice:  Trying to access array offset on value of type bool in D:\Cake Website\wp-content\themes\chloe_pallete\partials\section-banner.php on line 6
[20-Oct-2025 16:37:38 UTC] PHP Notice:  Trying to access array offset on value of type bool in D:\Cake Website\wp-content\themes\chloe_pallete\partials\section-banner.php on line 6
[20-Oct-2025 16:37:41 UTC] PHP Notice:  Trying to access array offset on value of type bool in D:\Cake Website\wp-content\themes\chloe_pallete\partials\section-banner.php on line 6
[21-Oct-2025 09:36:11 UTC] PHP Warning:  require(D:\Chloe_website\wp-content\themes\chloe_pallete\typerocket/vendor/autoload.php): failed to open stream: No such file or directory in D:\Chloe_website\wp-content\themes\chloe_pallete\typerocket\init.php on line 26
[21-Oct-2025 09:36:11 UTC] PHP Fatal error:  require(): Failed opening required 'D:\Chloe_website\wp-content\themes\chloe_pallete\typerocket/vendor/autoload.php' (include_path='.;C:\php\pear') in D:\Chloe_website\wp-content\themes\chloe_pallete\typerocket\init.php on line 26
[21-Oct-2025 09:36:11 UTC] PHP Notice:  Function _load_textdomain_just_in_time được gọi <strong>không chính xác</strong>. Tải bản dịch cho miền <code>chloe_pallete</code> được kích hoạt quá sớm. Đây thường là dấu hiệu cho thấy một số mã trong plugin hoặc chủ đề chạy quá sớm. Bản dịch phải được tải tại hành động <code>init</code> hoặc sau đó. Vui lòng xem <a href="https://developer.wordpress.org/advanced-administration/debug/debug-wordpress/">Hướng dẫn Debug trong WordPress</a> để biết thêm thông tin. (Thông điệp này đã được thêm vào trong phiên bản 6.7.0.) in D:\Chloe_website\wp-includes\functions.php on line 6121
[21-Oct-2025 09:36:11 UTC] PHP Notice:  Trying to access array offset on value of type bool in D:\Chloe_website\wp-includes\class-wp-recovery-mode-email-service.php on line 367
[21-Oct-2025 09:36:11 UTC] PHP Notice:  Trying to access array offset on value of type bool in D:\Chloe_website\wp-includes\class-wp-recovery-mode-email-service.php on line 368
[21-Oct-2025 15:09:55 UTC] PHP Warning:  require(D:\Chloe_website\wp-content\themes\chloe_pallete\typerocket/vendor/autoload.php): failed to open stream: No such file or directory in D:\Chloe_website\wp-content\themes\chloe_pallete\typerocket\init.php on line 26
[21-Oct-2025 15:09:55 UTC] PHP Fatal error:  require(): Failed opening required 'D:\Chloe_website\wp-content\themes\chloe_pallete\typerocket/vendor/autoload.php' (include_path='.;C:\php\pear') in D:\Chloe_website\wp-content\themes\chloe_pallete\typerocket\init.php on line 26
[21-Oct-2025 15:09:55 UTC] PHP Warning:  require(D:\Chloe_website\wp-content\themes\chloe_pallete\typerocket/vendor/autoload.php): failed to open stream: No such file or directory in D:\Chloe_website\wp-content\themes\chloe_pallete\typerocket\init.php on line 26
[21-Oct-2025 15:09:55 UTC] PHP Fatal error:  require(): Failed opening required 'D:\Chloe_website\wp-content\themes\chloe_pallete\typerocket/vendor/autoload.php' (include_path='.;C:\php\pear') in D:\Chloe_website\wp-content\themes\chloe_pallete\typerocket\init.php on line 26
[21-Oct-2025 15:09:57 UTC] PHP Warning:  require(D:\Chloe_website\wp-content\themes\chloe_pallete\typerocket/vendor/autoload.php): failed to open stream: No such file or directory in D:\Chloe_website\wp-content\themes\chloe_pallete\typerocket\init.php on line 26
[21-Oct-2025 15:09:57 UTC] PHP Fatal error:  require(): Failed opening required 'D:\Chloe_website\wp-content\themes\chloe_pallete\typerocket/vendor/autoload.php' (include_path='.;C:\php\pear') in D:\Chloe_website\wp-content\themes\chloe_pallete\typerocket\init.php on line 26
[21-Oct-2025 15:09:58 UTC] PHP Warning:  require(D:\Chloe_website\wp-content\themes\chloe_pallete\typerocket/vendor/autoload.php): failed to open stream: No such file or directory in D:\Chloe_website\wp-content\themes\chloe_pallete\typerocket\init.php on line 26
[21-Oct-2025 15:09:58 UTC] PHP Fatal error:  require(): Failed opening required 'D:\Chloe_website\wp-content\themes\chloe_pallete\typerocket/vendor/autoload.php' (include_path='.;C:\php\pear') in D:\Chloe_website\wp-content\themes\chloe_pallete\typerocket\init.php on line 26
[21-Oct-2025 15:09:59 UTC] PHP Warning:  require(D:\Chloe_website\wp-content\themes\chloe_pallete\typerocket/vendor/autoload.php): failed to open stream: No such file or directory in D:\Chloe_website\wp-content\themes\chloe_pallete\typerocket\init.php on line 26
[21-Oct-2025 15:09:59 UTC] PHP Fatal error:  require(): Failed opening required 'D:\Chloe_website\wp-content\themes\chloe_pallete\typerocket/vendor/autoload.php' (include_path='.;C:\php\pear') in D:\Chloe_website\wp-content\themes\chloe_pallete\typerocket\init.php on line 26
[21-Oct-2025 15:09:59 UTC] PHP Warning:  require(D:\Chloe_website\wp-content\themes\chloe_pallete\typerocket/vendor/autoload.php): failed to open stream: No such file or directory in D:\Chloe_website\wp-content\themes\chloe_pallete\typerocket\init.php on line 26
[21-Oct-2025 15:09:59 UTC] PHP Fatal error:  require(): Failed opening required 'D:\Chloe_website\wp-content\themes\chloe_pallete\typerocket/vendor/autoload.php' (include_path='.;C:\php\pear') in D:\Chloe_website\wp-content\themes\chloe_pallete\typerocket\init.php on line 26
[21-Oct-2025 15:10:00 UTC] PHP Warning:  require(D:\Chloe_website\wp-content\themes\chloe_pallete\typerocket/vendor/autoload.php): failed to open stream: No such file or directory in D:\Chloe_website\wp-content\themes\chloe_pallete\typerocket\init.php on line 26
[21-Oct-2025 15:10:00 UTC] PHP Fatal error:  require(): Failed opening required 'D:\Chloe_website\wp-content\themes\chloe_pallete\typerocket/vendor/autoload.php' (include_path='.;C:\php\pear') in D:\Chloe_website\wp-content\themes\chloe_pallete\typerocket\init.php on line 26
[21-Oct-2025 15:10:01 UTC] PHP Warning:  require(D:\Chloe_website\wp-content\themes\chloe_pallete\typerocket/vendor/autoload.php): failed to open stream: No such file or directory in D:\Chloe_website\wp-content\themes\chloe_pallete\typerocket\init.php on line 26
[21-Oct-2025 15:10:01 UTC] PHP Fatal error:  require(): Failed opening required 'D:\Chloe_website\wp-content\themes\chloe_pallete\typerocket/vendor/autoload.php' (include_path='.;C:\php\pear') in D:\Chloe_website\wp-content\themes\chloe_pallete\typerocket\init.php on line 26
[21-Oct-2025 15:10:02 UTC] PHP Warning:  require(D:\Chloe_website\wp-content\themes\chloe_pallete\typerocket/vendor/autoload.php): failed to open stream: No such file or directory in D:\Chloe_website\wp-content\themes\chloe_pallete\typerocket\init.php on line 26
[21-Oct-2025 15:10:02 UTC] PHP Fatal error:  require(): Failed opening required 'D:\Chloe_website\wp-content\themes\chloe_pallete\typerocket/vendor/autoload.php' (include_path='.;C:\php\pear') in D:\Chloe_website\wp-content\themes\chloe_pallete\typerocket\init.php on line 26
[21-Oct-2025 15:10:02 UTC] PHP Warning:  require(D:\Chloe_website\wp-content\themes\chloe_pallete\typerocket/vendor/autoload.php): failed to open stream: No such file or directory in D:\Chloe_website\wp-content\themes\chloe_pallete\typerocket\init.php on line 26
[21-Oct-2025 15:10:02 UTC] PHP Fatal error:  require(): Failed opening required 'D:\Chloe_website\wp-content\themes\chloe_pallete\typerocket/vendor/autoload.php' (include_path='.;C:\php\pear') in D:\Chloe_website\wp-content\themes\chloe_pallete\typerocket\init.php on line 26
[21-Oct-2025 15:10:03 UTC] PHP Warning:  require(D:\Chloe_website\wp-content\themes\chloe_pallete\typerocket/vendor/autoload.php): failed to open stream: No such file or directory in D:\Chloe_website\wp-content\themes\chloe_pallete\typerocket\init.php on line 26
[21-Oct-2025 15:10:03 UTC] PHP Fatal error:  require(): Failed opening required 'D:\Chloe_website\wp-content\themes\chloe_pallete\typerocket/vendor/autoload.php' (include_path='.;C:\php\pear') in D:\Chloe_website\wp-content\themes\chloe_pallete\typerocket\init.php on line 26
[21-Oct-2025 15:10:03 UTC] PHP Warning:  require(D:\Chloe_website\wp-content\themes\chloe_pallete\typerocket/vendor/autoload.php): failed to open stream: No such file or directory in D:\Chloe_website\wp-content\themes\chloe_pallete\typerocket\init.php on line 26
[21-Oct-2025 15:10:03 UTC] PHP Fatal error:  require(): Failed opening required 'D:\Chloe_website\wp-content\themes\chloe_pallete\typerocket/vendor/autoload.php' (include_path='.;C:\php\pear') in D:\Chloe_website\wp-content\themes\chloe_pallete\typerocket\init.php on line 26
[21-Oct-2025 15:10:06 UTC] PHP Warning:  require(D:\Chloe_website\wp-content\themes\chloe_pallete\typerocket/vendor/autoload.php): failed to open stream: No such file or directory in D:\Chloe_website\wp-content\themes\chloe_pallete\typerocket\init.php on line 26
[21-Oct-2025 15:10:06 UTC] PHP Fatal error:  require(): Failed opening required 'D:\Chloe_website\wp-content\themes\chloe_pallete\typerocket/vendor/autoload.php' (include_path='.;C:\php\pear') in D:\Chloe_website\wp-content\themes\chloe_pallete\typerocket\init.php on line 26
[21-Oct-2025 15:10:07 UTC] PHP Warning:  require(D:\Chloe_website\wp-content\themes\chloe_pallete\typerocket/vendor/autoload.php): failed to open stream: No such file or directory in D:\Chloe_website\wp-content\themes\chloe_pallete\typerocket\init.php on line 26
[21-Oct-2025 15:10:07 UTC] PHP Fatal error:  require(): Failed opening required 'D:\Chloe_website\wp-content\themes\chloe_pallete\typerocket/vendor/autoload.php' (include_path='.;C:\php\pear') in D:\Chloe_website\wp-content\themes\chloe_pallete\typerocket\init.php on line 26
[21-Oct-2025 15:10:15 UTC] PHP Warning:  require(D:\Chloe_website\wp-content\themes\chloe_pallete\typerocket/vendor/autoload.php): failed to open stream: No such file or directory in D:\Chloe_website\wp-content\themes\chloe_pallete\typerocket\init.php on line 26
[21-Oct-2025 15:10:15 UTC] PHP Fatal error:  require(): Failed opening required 'D:\Chloe_website\wp-content\themes\chloe_pallete\typerocket/vendor/autoload.php' (include_path='.;C:\php\pear') in D:\Chloe_website\wp-content\themes\chloe_pallete\typerocket\init.php on line 26
[21-Oct-2025 15:10:16 UTC] PHP Warning:  require(D:\Chloe_website\wp-content\themes\chloe_pallete\typerocket/vendor/autoload.php): failed to open stream: No such file or directory in D:\Chloe_website\wp-content\themes\chloe_pallete\typerocket\init.php on line 26
[21-Oct-2025 15:10:16 UTC] PHP Fatal error:  require(): Failed opening required 'D:\Chloe_website\wp-content\themes\chloe_pallete\typerocket/vendor/autoload.php' (include_path='.;C:\php\pear') in D:\Chloe_website\wp-content\themes\chloe_pallete\typerocket\init.php on line 26
[21-Oct-2025 15:14:36 UTC] PHP Notice:  Trying to access array offset on value of type bool in D:\Chloe_website\wp-content\themes\chloe_pallete\partials\section-banner.php on line 6
[21-Oct-2025 15:14:36 UTC] PHP Notice:  Undefined variable: share_link in D:\Chloe_website\wp-content\themes\chloe_pallete\page.php on line 52
[21-Oct-2025 15:14:36 UTC] PHP Notice:  Undefined variable: share_link in D:\Chloe_website\wp-content\themes\chloe_pallete\page.php on line 55
[21-Oct-2025 15:16:49 UTC] PHP Notice:  Trying to access array offset on value of type bool in D:\Chloe_website\wp-content\themes\chloe_pallete\partials\section-banner.php on line 6
[21-Oct-2025 15:16:49 UTC] PHP Notice:  Undefined variable: share_link in D:\Chloe_website\wp-content\themes\chloe_pallete\page.php on line 52
[21-Oct-2025 15:16:49 UTC] PHP Notice:  Undefined variable: share_link in D:\Chloe_website\wp-content\themes\chloe_pallete\page.php on line 55
[21-Oct-2025 15:18:26 UTC] PHP Notice:  Trying to access array offset on value of type bool in D:\Chloe_website\wp-content\themes\chloe_pallete\partials\section-banner.php on line 6
[21-Oct-2025 15:18:26 UTC] PHP Notice:  Undefined variable: share_link in D:\Chloe_website\wp-content\themes\chloe_pallete\page.php on line 52
[21-Oct-2025 15:18:26 UTC] PHP Notice:  Undefined variable: share_link in D:\Chloe_website\wp-content\themes\chloe_pallete\page.php on line 55
[21-Oct-2025 15:23:30 UTC] PHP Notice:  Trying to access array offset on value of type bool in D:\Chloe_website\wp-content\themes\chloe_pallete\partials\section-banner.php on line 6
[21-Oct-2025 15:23:30 UTC] PHP Notice:  Undefined variable: share_link in D:\Chloe_website\wp-content\themes\chloe_pallete\page.php on line 52
[21-Oct-2025 15:23:30 UTC] PHP Notice:  Undefined variable: share_link in D:\Chloe_website\wp-content\themes\chloe_pallete\page.php on line 55
[23-Oct-2025 07:10:13 UTC] PHP Parse error:  syntax error, unexpected '" alt="' (T_CONSTANT_ENCAPSED_STRING) in D:\Chloe_website\wp-content\themes\chloe_pallete\page-templates\shop.php on line 27
[26-Jun-2026 17:10:28 UTC] PHP Parse error:  syntax error, unexpected '' );' (T_CONSTANT_ENCAPSED_STRING) in D:\themaxwebsite\wp-content\themes\themax\functions.php on line 73
[26-Jun-2026 17:10:28 UTC] PHP Notice:  Function _load_textdomain_just_in_time được gọi <strong>không chính xác</strong>. Tải bản dịch cho miền <code>themax</code> được kích hoạt quá sớm. Đây thường là dấu hiệu cho thấy một số mã trong plugin hoặc chủ đề chạy quá sớm. Bản dịch phải được tải tại hành động <code>init</code> hoặc sau đó. Vui lòng xem <a href="https://developer.wordpress.org/advanced-administration/debug/debug-wordpress/">Hướng dẫn Debug trong WordPress</a> để biết thêm thông tin. (Thông điệp này đã được thêm vào trong phiên bản 6.7.0.) in D:\themaxwebsite\wp-includes\functions.php on line 6121
[26-Jun-2026 17:10:30 UTC] PHP Notice:  Trying to access array offset on value of type bool in D:\themaxwebsite\wp-includes\class-wp-recovery-mode-email-service.php on line 367
[26-Jun-2026 17:10:30 UTC] PHP Notice:  Trying to access array offset on value of type bool in D:\themaxwebsite\wp-includes\class-wp-recovery-mode-email-service.php on line 368
[26-Jun-2026 17:10:32 UTC] PHP Parse error:  syntax error, unexpected '' );' (T_CONSTANT_ENCAPSED_STRING) in D:\themaxwebsite\wp-content\themes\themax\functions.php on line 73
[26-Jun-2026 17:10:32 UTC] PHP Parse error:  syntax error, unexpected '' );' (T_CONSTANT_ENCAPSED_STRING) in D:\themaxwebsite\wp-content\themes\themax\functions.php on line 73
[26-Jun-2026 17:10:34 UTC] PHP Parse error:  syntax error, unexpected '' );' (T_CONSTANT_ENCAPSED_STRING) in D:\themaxwebsite\wp-content\themes\themax\functions.php on line 73
[26-Jun-2026 17:10:35 UTC] PHP Parse error:  syntax error, unexpected '' );' (T_CONSTANT_ENCAPSED_STRING) in D:\themaxwebsite\wp-content\themes\themax\functions.php on line 73
[26-Jun-2026 17:34:09 UTC] PHP Notice:  Trying to access array offset on value of type null in D:\themaxwebsite\wp-content\themes\themax\typerocket\vendor\typerocket\core\src\Http\Responders\PostsResponder.php on line 40
[26-Jun-2026 17:34:30 UTC] PHP Notice:  Trying to access array offset on value of type null in D:\themaxwebsite\wp-content\themes\themax\typerocket\vendor\typerocket\core\src\Http\Responders\PostsResponder.php on line 40
[26-Jun-2026 17:36:40 UTC] PHP Notice:  Trying to access array offset on value of type null in D:\themaxwebsite\wp-content\themes\themax\typerocket\vendor\typerocket\core\src\Http\Responders\PostsResponder.php on line 40
[26-Jun-2026 17:36:40 UTC] PHP Notice:  Trying to access array offset on value of type null in D:\themaxwebsite\wp-content\themes\themax\typerocket\vendor\typerocket\core\src\Http\Responders\PostsResponder.php on line 40
[26-Jun-2026 18:35:32 UTC] PHP Parse error:  syntax error, unexpected end of file in D:\themaxwebsite\wp-content\themes\themax\page-templates\case-study.php on line 274
[26-Jun-2026 18:35:41 UTC] PHP Parse error:  syntax error, unexpected end of file in D:\themaxwebsite\wp-content\themes\themax\page-templates\case-study.php on line 274
[26-Jun-2026 18:35:42 UTC] PHP Parse error:  syntax error, unexpected end of file in D:\themaxwebsite\wp-content\themes\themax\page-templates\case-study.php on line 274
[26-Jun-2026 18:35:46 UTC] PHP Parse error:  syntax error, unexpected end of file in D:\themaxwebsite\wp-content\themes\themax\page-templates\case-study.php on line 274
[26-Jun-2026 18:35:47 UTC] PHP Parse error:  syntax error, unexpected end of file in D:\themaxwebsite\wp-content\themes\themax\page-templates\case-study.php on line 274
[26-Jun-2026 18:36:13 UTC] PHP Parse error:  syntax error, unexpected end of file in D:\themaxwebsite\wp-content\themes\themax\page-templates\case-study.php on line 274
[26-Jun-2026 18:36:14 UTC] PHP Parse error:  syntax error, unexpected end of file in D:\themaxwebsite\wp-content\themes\themax\page-templates\case-study.php on line 274
